{"server.js":{"path":"server.js","s":{"1":1,"2":1,"3":1,"4":1,"5":1,"6":1,"7":1,"8":1,"9":1,"10":1,"11":1,"12":1,"13":1,"14":1,"15":1,"16":1,"17":1,"18":1,"19":11,"20":11,"21":1,"22":0,"23":0,"24":1,"25":1,"26":11,"27":11,"28":1,"29":1,"30":1,"31":1,"32":1,"33":1,"34":1,"35":1,"36":0,"37":0,"38":1,"39":1,"40":1,"41":0,"42":0,"43":1,"44":1,"45":1,"46":1,"47":1,"48":1,"49":0,"50":0,"51":0,"52":1,"53":1,"54":1,"55":1,"56":1,"57":0,"58":1,"59":1,"60":1,"61":1,"62":0,"63":0,"64":1,"65":1,"66":1,"67":0,"68":0,"69":1,"70":1,"71":1,"72":0,"73":0,"74":1,"75":1,"76":1,"77":0,"78":0,"79":1,"80":1,"81":1,"82":0,"83":0,"84":1,"85":1,"86":1,"87":1,"88":1,"89":0,"90":0,"91":1,"92":1,"93":1,"94":0,"95":0,"96":1,"97":1,"98":1,"99":0,"100":0,"101":1,"102":1,"103":1,"104":1,"105":1,"106":0,"107":0,"108":1,"109":1,"110":1,"111":1},"b":{"1":[1,0],"2":[0,0],"3":[0,1],"4":[1,1]},"f":{"1":11,"2":0,"3":11,"4":1,"5":1,"6":0,"7":1,"8":1,"9":0,"10":1,"11":0,"12":1,"13":1,"14":0,"15":1,"16":1,"17":0,"18":1,"19":1,"20":0,"21":1,"22":1,"23":0,"24":1,"25":1,"26":0,"27":1,"28":1,"29":1,"30":0,"31":1,"32":1,"33":0,"34":1,"35":1,"36":0,"37":1,"38":1,"39":1,"40":0,"41":1},"fnMap":{"1":{"name":"(anonymous_1)","line":37,"loc":{"start":{"line":37,"column":8},"end":{"line":37,"column":33}}},"2":{"name":"(anonymous_2)","line":42,"loc":{"start":{"line":42,"column":8},"end":{"line":42,"column":38}}},"3":{"name":"(anonymous_3)","line":49,"loc":{"start":{"line":49,"column":23},"end":{"line":49,"column":48}}},"4":{"name":"(anonymous_4)","line":66,"loc":{"start":{"line":66,"column":19},"end":{"line":66,"column":38}}},"5":{"name":"(anonymous_5)","line":69,"loc":{"start":{"line":69,"column":7},"end":{"line":69,"column":23}}},"6":{"name":"(anonymous_6)","line":72,"loc":{"start":{"line":72,"column":12},"end":{"line":72,"column":27}}},"7":{"name":"(anonymous_7)","line":78,"loc":{"start":{"line":78,"column":18},"end":{"line":78,"column":37}}},"8":{"name":"(anonymous_8)","line":80,"loc":{"start":{"line":80,"column":10},"end":{"line":80,"column":27}}},"9":{"name":"(anonymous_9)","line":82,"loc":{"start":{"line":82,"column":13},"end":{"line":82,"column":30}}},"10":{"name":"(anonymous_10)","line":88,"loc":{"start":{"line":88,"column":20},"end":{"line":88,"column":39}}},"11":{"name":"(anonymous_11)","line":100,"loc":{"start":{"line":100,"column":44},"end":{"line":100,"column":63}}},"12":{"name":"(anonymous_12)","line":115,"loc":{"start":{"line":115,"column":79},"end":{"line":115,"column":102}}},"13":{"name":"(anonymous_13)","line":123,"loc":{"start":{"line":123,"column":10},"end":{"line":123,"column":27}}},"14":{"name":"(anonymous_14)","line":126,"loc":{"start":{"line":126,"column":12},"end":{"line":126,"column":27}}},"15":{"name":"(anonymous_15)","line":133,"loc":{"start":{"line":133,"column":19},"end":{"line":133,"column":38}}},"16":{"name":"(anonymous_16)","line":135,"loc":{"start":{"line":135,"column":10},"end":{"line":135,"column":28}}},"17":{"name":"(anonymous_17)","line":137,"loc":{"start":{"line":137,"column":13},"end":{"line":137,"column":30}}},"18":{"name":"(anonymous_18)","line":143,"loc":{"start":{"line":143,"column":23},"end":{"line":143,"column":42}}},"19":{"name":"(anonymous_19)","line":146,"loc":{"start":{"line":146,"column":10},"end":{"line":146,"column":27}}},"20":{"name":"(anonymous_20)","line":148,"loc":{"start":{"line":148,"column":13},"end":{"line":148,"column":30}}},"21":{"name":"(anonymous_21)","line":154,"loc":{"start":{"line":154,"column":22},"end":{"line":154,"column":41}}},"22":{"name":"(anonymous_22)","line":157,"loc":{"start":{"line":157,"column":7},"end":{"line":157,"column":26}}},"23":{"name":"(anonymous_23)","line":160,"loc":{"start":{"line":160,"column":12},"end":{"line":160,"column":27}}},"24":{"name":"(anonymous_24)","line":166,"loc":{"start":{"line":166,"column":21},"end":{"line":166,"column":40}}},"25":{"name":"(anonymous_25)","line":168,"loc":{"start":{"line":168,"column":10},"end":{"line":168,"column":30}}},"26":{"name":"(anonymous_26)","line":170,"loc":{"start":{"line":170,"column":13},"end":{"line":170,"column":30}}},"27":{"name":"(anonymous_27)","line":176,"loc":{"start":{"line":176,"column":30},"end":{"line":176,"column":49}}},"28":{"name":"(anonymous_28)","line":179,"loc":{"start":{"line":179,"column":11},"end":{"line":179,"column":24}}},"29":{"name":"(anonymous_29)","line":183,"loc":{"start":{"line":183,"column":10},"end":{"line":183,"column":30}}},"30":{"name":"(anonymous_30)","line":185,"loc":{"start":{"line":185,"column":14},"end":{"line":185,"column":31}}},"31":{"name":"(anonymous_31)","line":191,"loc":{"start":{"line":191,"column":18},"end":{"line":191,"column":36}}},"32":{"name":"(anonymous_32)","line":193,"loc":{"start":{"line":193,"column":10},"end":{"line":193,"column":27}}},"33":{"name":"(anonymous_33)","line":195,"loc":{"start":{"line":195,"column":13},"end":{"line":195,"column":30}}},"34":{"name":"(anonymous_34)","line":201,"loc":{"start":{"line":201,"column":26},"end":{"line":201,"column":45}}},"35":{"name":"(anonymous_35)","line":204,"loc":{"start":{"line":204,"column":10},"end":{"line":204,"column":26}}},"36":{"name":"(anonymous_36)","line":206,"loc":{"start":{"line":206,"column":13},"end":{"line":206,"column":30}}},"37":{"name":"(anonymous_37)","line":212,"loc":{"start":{"line":212,"column":27},"end":{"line":212,"column":46}}},"38":{"name":"(anonymous_38)","line":214,"loc":{"start":{"line":214,"column":11},"end":{"line":214,"column":24}}},"39":{"name":"(anonymous_39)","line":219,"loc":{"start":{"line":219,"column":10},"end":{"line":219,"column":27}}},"40":{"name":"(anonymous_40)","line":221,"loc":{"start":{"line":221,"column":14},"end":{"line":221,"column":31}}},"41":{"name":"(anonymous_41)","line":231,"loc":{"start":{"line":231,"column":11},"end":{"line":231,"column":22}}}},"statementMap":{"1":{"start":{"line":1,"column":0},"end":{"line":1,"column":23}},"2":{"start":{"line":2,"column":0},"end":{"line":2,"column":23}},"3":{"start":{"line":3,"column":0},"end":{"line":3,"column":33}},"4":{"start":{"line":4,"column":0},"end":{"line":4,"column":27}},"5":{"start":{"line":5,"column":0},"end":{"line":5,"column":40}},"6":{"start":{"line":6,"column":0},"end":{"line":6,"column":48}},"7":{"start":{"line":7,"column":0},"end":{"line":7,"column":43}},"8":{"start":{"line":8,"column":0},"end":{"line":8,"column":40}},"9":{"start":{"line":9,"column":0},"end":{"line":9,"column":34}},"10":{"start":{"line":10,"column":0},"end":{"line":10,"column":51}},"11":{"start":{"line":11,"column":0},"end":{"line":11,"column":52}},"12":{"start":{"line":12,"column":0},"end":{"line":12,"column":25}},"13":{"start":{"line":13,"column":0},"end":{"line":13,"column":35}},"14":{"start":{"line":14,"column":0},"end":{"line":14,"column":29}},"15":{"start":{"line":17,"column":0},"end":{"line":17,"column":20}},"16":{"start":{"line":20,"column":0},"end":{"line":24,"column":2}},"17":{"start":{"line":26,"column":0},"end":{"line":34,"column":3}},"18":{"start":{"line":37,"column":0},"end":{"line":40,"column":3}},"19":{"start":{"line":38,"column":2},"end":{"line":38,"column":36}},"20":{"start":{"line":39,"column":2},"end":{"line":39,"column":9}},"21":{"start":{"line":42,"column":0},"end":{"line":45,"column":3}},"22":{"start":{"line":43,"column":2},"end":{"line":43,"column":26}},"23":{"start":{"line":44,"column":2},"end":{"line":44,"column":36}},"24":{"start":{"line":47,"column":0},"end":{"line":47,"column":32}},"25":{"start":{"line":49,"column":0},"end":{"line":52,"column":2}},"26":{"start":{"line":50,"column":2},"end":{"line":50,"column":49}},"27":{"start":{"line":51,"column":2},"end":{"line":51,"column":9}},"28":{"start":{"line":54,"column":0},"end":{"line":54,"column":26}},"29":{"start":{"line":56,"column":0},"end":{"line":56,"column":33}},"30":{"start":{"line":58,"column":0},"end":{"line":58,"column":27}},"31":{"start":{"line":60,"column":0},"end":{"line":60,"column":61}},"32":{"start":{"line":62,"column":0},"end":{"line":62,"column":37}},"33":{"start":{"line":66,"column":0},"end":{"line":76,"column":3}},"34":{"start":{"line":67,"column":1},"end":{"line":75,"column":4}},"35":{"start":{"line":70,"column":2},"end":{"line":70,"column":55}},"36":{"start":{"line":73,"column":4},"end":{"line":73,"column":22}},"37":{"start":{"line":74,"column":2},"end":{"line":74,"column":68}},"38":{"start":{"line":78,"column":0},"end":{"line":86,"column":3}},"39":{"start":{"line":79,"column":2},"end":{"line":85,"column":7}},"40":{"start":{"line":81,"column":6},"end":{"line":81,"column":31}},"41":{"start":{"line":83,"column":6},"end":{"line":83,"column":26}},"42":{"start":{"line":84,"column":6},"end":{"line":84,"column":35}},"43":{"start":{"line":88,"column":0},"end":{"line":131,"column":3}},"44":{"start":{"line":89,"column":2},"end":{"line":89,"column":44}},"45":{"start":{"line":92,"column":2},"end":{"line":108,"column":3}},"46":{"start":{"line":93,"column":4},"end":{"line":93,"column":26}},"47":{"start":{"line":94,"column":4},"end":{"line":99,"column":6}},"48":{"start":{"line":100,"column":4},"end":{"line":107,"column":7}},"49":{"start":{"line":101,"column":8},"end":{"line":106,"column":9}},"50":{"start":{"line":102,"column":12},"end":{"line":102,"column":29}},"51":{"start":{"line":105,"column":12},"end":{"line":105,"column":119}},"52":{"start":{"line":110,"column":2},"end":{"line":110,"column":40}},"53":{"start":{"line":112,"column":2},"end":{"line":112,"column":78}},"54":{"start":{"line":113,"column":2},"end":{"line":113,"column":44}},"55":{"start":{"line":115,"column":2},"end":{"line":130,"column":5}},"56":{"start":{"line":116,"column":4},"end":{"line":118,"column":5}},"57":{"start":{"line":117,"column":6},"end":{"line":117,"column":24}},"58":{"start":{"line":119,"column":4},"end":{"line":119,"column":64}},"59":{"start":{"line":120,"column":4},"end":{"line":120,"column":70}},"60":{"start":{"line":122,"column":4},"end":{"line":129,"column":4}},"61":{"start":{"line":124,"column":2},"end":{"line":124,"column":56}},"62":{"start":{"line":127,"column":2},"end":{"line":127,"column":20}},"63":{"start":{"line":128,"column":2},"end":{"line":128,"column":68}},"64":{"start":{"line":133,"column":0},"end":{"line":141,"column":3}},"65":{"start":{"line":134,"column":2},"end":{"line":140,"column":7}},"66":{"start":{"line":136,"column":6},"end":{"line":136,"column":32}},"67":{"start":{"line":138,"column":6},"end":{"line":138,"column":26}},"68":{"start":{"line":139,"column":6},"end":{"line":139,"column":35}},"69":{"start":{"line":143,"column":0},"end":{"line":152,"column":3}},"70":{"start":{"line":144,"column":2},"end":{"line":151,"column":7}},"71":{"start":{"line":147,"column":6},"end":{"line":147,"column":31}},"72":{"start":{"line":149,"column":6},"end":{"line":149,"column":26}},"73":{"start":{"line":150,"column":6},"end":{"line":150,"column":35}},"74":{"start":{"line":154,"column":0},"end":{"line":164,"column":3}},"75":{"start":{"line":155,"column":1},"end":{"line":163,"column":4}},"76":{"start":{"line":158,"column":2},"end":{"line":158,"column":58}},"77":{"start":{"line":161,"column":2},"end":{"line":161,"column":20}},"78":{"start":{"line":162,"column":2},"end":{"line":162,"column":68}},"79":{"start":{"line":166,"column":0},"end":{"line":174,"column":3}},"80":{"start":{"line":167,"column":2},"end":{"line":173,"column":7}},"81":{"start":{"line":169,"column":6},"end":{"line":169,"column":34}},"82":{"start":{"line":171,"column":6},"end":{"line":171,"column":26}},"83":{"start":{"line":172,"column":6},"end":{"line":172,"column":35}},"84":{"start":{"line":176,"column":0},"end":{"line":189,"column":3}},"85":{"start":{"line":177,"column":2},"end":{"line":177,"column":23}},"86":{"start":{"line":178,"column":2},"end":{"line":188,"column":7}},"87":{"start":{"line":180,"column":6},"end":{"line":180,"column":82}},"88":{"start":{"line":184,"column":6},"end":{"line":184,"column":34}},"89":{"start":{"line":186,"column":6},"end":{"line":186,"column":26}},"90":{"start":{"line":187,"column":6},"end":{"line":187,"column":35}},"91":{"start":{"line":191,"column":0},"end":{"line":199,"column":3}},"92":{"start":{"line":192,"column":2},"end":{"line":198,"column":7}},"93":{"start":{"line":194,"column":6},"end":{"line":194,"column":31}},"94":{"start":{"line":196,"column":6},"end":{"line":196,"column":26}},"95":{"start":{"line":197,"column":6},"end":{"line":197,"column":35}},"96":{"start":{"line":201,"column":0},"end":{"line":210,"column":3}},"97":{"start":{"line":202,"column":2},"end":{"line":209,"column":6}},"98":{"start":{"line":205,"column":6},"end":{"line":205,"column":30}},"99":{"start":{"line":207,"column":6},"end":{"line":207,"column":26}},"100":{"start":{"line":208,"column":6},"end":{"line":208,"column":35}},"101":{"start":{"line":212,"column":0},"end":{"line":225,"column":3}},"102":{"start":{"line":213,"column":2},"end":{"line":224,"column":7}},"103":{"start":{"line":215,"column":6},"end":{"line":215,"column":44}},"104":{"start":{"line":216,"column":6},"end":{"line":216,"column":36}},"105":{"start":{"line":220,"column":6},"end":{"line":220,"column":31}},"106":{"start":{"line":222,"column":6},"end":{"line":222,"column":26}},"107":{"start":{"line":223,"column":6},"end":{"line":223,"column":35}},"108":{"start":{"line":228,"column":0},"end":{"line":228,"column":44}},"109":{"start":{"line":229,"column":0},"end":{"line":229,"column":37}},"110":{"start":{"line":231,"column":0},"end":{"line":233,"column":3}},"111":{"start":{"line":232,"column":2},"end":{"line":232,"column":45}}},"branchMap":{"1":{"line":92,"type":"if","locations":[{"start":{"line":92,"column":2},"end":{"line":92,"column":2}},{"start":{"line":92,"column":2},"end":{"line":92,"column":2}}]},"2":{"line":101,"type":"if","locations":[{"start":{"line":101,"column":8},"end":{"line":101,"column":8}},{"start":{"line":101,"column":8},"end":{"line":101,"column":8}}]},"3":{"line":116,"type":"if","locations":[{"start":{"line":116,"column":4},"end":{"line":116,"column":4}},{"start":{"line":116,"column":4},"end":{"line":116,"column":4}}]},"4":{"line":229,"type":"binary-expr","locations":[{"start":{"line":229,"column":11},"end":{"line":229,"column":27}},{"start":{"line":229,"column":31},"end":{"line":229,"column":35}}]}}},"server/config.js":{"path":"server/config.js","s":{"1":1,"2":1,"3":1,"4":1,"5":1,"6":1,"7":0,"8":0,"9":0,"10":1,"11":1,"12":12,"13":12},"b":{"1":[1,1],"2":[12,0]},"f":{"1":0,"2":12},"fnMap":{"1":{"name":"(anonymous_1)","line":8,"loc":{"start":{"line":8,"column":18},"end":{"line":8,"column":29}}},"2":{"name":"(anonymous_2)","line":20,"loc":{"start":{"line":20,"column":16},"end":{"line":20,"column":27}}}},"statementMap":{"1":{"start":{"line":1,"column":0},"end":{"line":1,"column":17}},"2":{"start":{"line":3,"column":0},"end":{"line":3,"column":25}},"3":{"start":{"line":4,"column":0},"end":{"line":4,"column":81}},"4":{"start":{"line":5,"column":0},"end":{"line":5,"column":22}},"5":{"start":{"line":6,"column":0},"end":{"line":6,"column":26}},"6":{"start":{"line":8,"column":0},"end":{"line":12,"column":1}},"7":{"start":{"line":9,"column":0},"end":{"line":9,"column":48}},"8":{"start":{"line":10,"column":0},"end":{"line":10,"column":48}},"9":{"start":{"line":11,"column":0},"end":{"line":11,"column":37}},"10":{"start":{"line":14,"column":0},"end":{"line":18,"column":2}},"11":{"start":{"line":20,"column":0},"end":{"line":24,"column":2}},"12":{"start":{"line":21,"column":2},"end":{"line":23,"column":3}},"13":{"start":{"line":22,"column":4},"end":{"line":22,"column":93}}},"branchMap":{"1":{"line":4,"type":"binary-expr","locations":[{"start":{"line":4,"column":17},"end":{"line":4,"column":41}},{"start":{"line":4,"column":45},"end":{"line":4,"column":80}}]},"2":{"line":21,"type":"if","locations":[{"start":{"line":21,"column":2},"end":{"line":21,"column":2}},{"start":{"line":21,"column":2},"end":{"line":21,"column":2}}]}}},"server/models.js":{"path":"server/models.js","s":{"1":1,"2":1,"3":1,"4":1,"5":1,"6":1,"7":1,"8":1,"9":1},"b":{},"f":{"1":1},"fnMap":{"1":{"name":"(anonymous_1)","line":1,"loc":{"start":{"line":1,"column":17},"end":{"line":1,"column":37}}}},"statementMap":{"1":{"start":{"line":1,"column":0},"end":{"line":40,"column":2}},"2":{"start":{"line":3,"column":2},"end":{"line":5,"column":5}},"3":{"start":{"line":7,"column":2},"end":{"line":9,"column":5}},"4":{"start":{"line":11,"column":2},"end":{"line":13,"column":5}},"5":{"start":{"line":15,"column":2},"end":{"line":17,"column":5}},"6":{"start":{"line":19,"column":2},"end":{"line":21,"column":5}},"7":{"start":{"line":23,"column":2},"end":{"line":25,"column":5}},"8":{"start":{"line":27,"column":2},"end":{"line":29,"column":5}},"9":{"start":{"line":31,"column":2},"end":{"line":39,"column":4}}},"branchMap":{}},"server/categorising.js":{"path":"server/categorising.js","s":{"1":1,"2":1,"3":1,"4":1,"5":1,"6":1,"7":1,"8":1,"9":1,"10":1,"11":1,"12":1,"13":1,"14":1,"15":1,"16":1,"17":1,"18":0,"19":1,"20":1,"21":1,"22":2,"23":1,"24":1,"25":0,"26":1,"27":0,"28":1,"29":0,"30":1,"31":0,"32":1,"33":0,"34":1,"35":0,"36":1,"37":0,"38":1,"39":0,"40":1,"41":0,"42":1,"43":0,"44":1,"45":0,"46":2,"47":1,"48":0,"49":1,"50":1,"51":0,"52":0,"53":0,"54":0},"b":{"1":[0,1],"2":[1,1],"3":[0,1],"4":[0,1],"5":[0,1],"6":[0,1],"7":[0,1],"8":[0,1],"9":[0,1],"10":[0,1],"11":[0,1],"12":[0,1],"13":[0,1],"14":[0,1],"15":[1,0],"16":[0,0],"17":[0,0]},"f":{"1":1},"fnMap":{"1":{"name":"(anonymous_1)","line":31,"loc":{"start":{"line":31,"column":18},"end":{"line":31,"column":41}}}},"statementMap":{"1":{"start":{"line":3,"column":0},"end":{"line":3,"column":127}},"2":{"start":{"line":5,"column":0},"end":{"line":5,"column":156}},"3":{"start":{"line":7,"column":0},"end":{"line":7,"column":167}},"4":{"start":{"line":9,"column":0},"end":{"line":9,"column":84}},"5":{"start":{"line":11,"column":0},"end":{"line":11,"column":56}},"6":{"start":{"line":13,"column":0},"end":{"line":13,"column":97}},"7":{"start":{"line":15,"column":0},"end":{"line":15,"column":116}},"8":{"start":{"line":17,"column":0},"end":{"line":18,"column":98}},"9":{"start":{"line":20,"column":0},"end":{"line":22,"column":59}},"10":{"start":{"line":24,"column":0},"end":{"line":24,"column":103}},"11":{"start":{"line":26,"column":0},"end":{"line":26,"column":128}},"12":{"start":{"line":28,"column":0},"end":{"line":28,"column":93}},"13":{"start":{"line":30,"column":0},"end":{"line":87,"column":2}},"14":{"start":{"line":32,"column":4},"end":{"line":32,"column":83}},"15":{"start":{"line":33,"column":4},"end":{"line":33,"column":50}},"16":{"start":{"line":34,"column":4},"end":{"line":34,"column":37}},"17":{"start":{"line":36,"column":4},"end":{"line":38,"column":5}},"18":{"start":{"line":37,"column":6},"end":{"line":37,"column":18}},"19":{"start":{"line":40,"column":4},"end":{"line":40,"column":18}},"20":{"start":{"line":41,"column":4},"end":{"line":41,"column":24}},"21":{"start":{"line":42,"column":4},"end":{"line":69,"column":5}},"22":{"start":{"line":43,"column":6},"end":{"line":67,"column":7}},"23":{"start":{"line":44,"column":8},"end":{"line":44,"column":30}},"24":{"start":{"line":45,"column":13},"end":{"line":67,"column":7}},"25":{"start":{"line":46,"column":8},"end":{"line":46,"column":30}},"26":{"start":{"line":47,"column":13},"end":{"line":67,"column":7}},"27":{"start":{"line":48,"column":8},"end":{"line":48,"column":30}},"28":{"start":{"line":49,"column":13},"end":{"line":67,"column":7}},"29":{"start":{"line":50,"column":8},"end":{"line":50,"column":30}},"30":{"start":{"line":51,"column":13},"end":{"line":67,"column":7}},"31":{"start":{"line":52,"column":8},"end":{"line":52,"column":30}},"32":{"start":{"line":53,"column":13},"end":{"line":67,"column":7}},"33":{"start":{"line":54,"column":8},"end":{"line":54,"column":30}},"34":{"start":{"line":55,"column":13},"end":{"line":67,"column":7}},"35":{"start":{"line":56,"column":8},"end":{"line":56,"column":30}},"36":{"start":{"line":57,"column":13},"end":{"line":67,"column":7}},"37":{"start":{"line":58,"column":8},"end":{"line":58,"column":30}},"38":{"start":{"line":59,"column":13},"end":{"line":67,"column":7}},"39":{"start":{"line":60,"column":8},"end":{"line":60,"column":30}},"40":{"start":{"line":61,"column":13},"end":{"line":67,"column":7}},"41":{"start":{"line":62,"column":8},"end":{"line":62,"column":30}},"42":{"start":{"line":63,"column":13},"end":{"line":67,"column":7}},"43":{"start":{"line":64,"column":8},"end":{"line":64,"column":30}},"44":{"start":{"line":65,"column":13},"end":{"line":67,"column":7}},"45":{"start":{"line":66,"column":8},"end":{"line":66,"column":30}},"46":{"start":{"line":68,"column":6},"end":{"line":68,"column":15}},"47":{"start":{"line":71,"column":4},"end":{"line":73,"column":5}},"48":{"start":{"line":72,"column":6},"end":{"line":72,"column":18}},"49":{"start":{"line":75,"column":4},"end":{"line":77,"column":5}},"50":{"start":{"line":76,"column":6},"end":{"line":76,"column":27}},"51":{"start":{"line":79,"column":4},"end":{"line":85,"column":5}},"52":{"start":{"line":80,"column":6},"end":{"line":84,"column":7}},"53":{"start":{"line":81,"column":8},"end":{"line":81,"column":29}},"54":{"start":{"line":83,"column":8},"end":{"line":83,"column":20}}},"branchMap":{"1":{"line":36,"type":"if","locations":[{"start":{"line":36,"column":4},"end":{"line":36,"column":4}},{"start":{"line":36,"column":4},"end":{"line":36,"column":4}}]},"2":{"line":43,"type":"if","locations":[{"start":{"line":43,"column":6},"end":{"line":43,"column":6}},{"start":{"line":43,"column":6},"end":{"line":43,"column":6}}]},"3":{"line":45,"type":"if","locations":[{"start":{"line":45,"column":13},"end":{"line":45,"column":13}},{"start":{"line":45,"column":13},"end":{"line":45,"column":13}}]},"4":{"line":47,"type":"if","locations":[{"start":{"line":47,"column":13},"end":{"line":47,"column":13}},{"start":{"line":47,"column":13},"end":{"line":47,"column":13}}]},"5":{"line":49,"type":"if","locations":[{"start":{"line":49,"column":13},"end":{"line":49,"column":13}},{"start":{"line":49,"column":13},"end":{"line":49,"column":13}}]},"6":{"line":51,"type":"if","locations":[{"start":{"line":51,"column":13},"end":{"line":51,"column":13}},{"start":{"line":51,"column":13},"end":{"line":51,"column":13}}]},"7":{"line":53,"type":"if","locations":[{"start":{"line":53,"column":13},"end":{"line":53,"column":13}},{"start":{"line":53,"column":13},"end":{"line":53,"column":13}}]},"8":{"line":55,"type":"if","locations":[{"start":{"line":55,"column":13},"end":{"line":55,"column":13}},{"start":{"line":55,"column":13},"end":{"line":55,"column":13}}]},"9":{"line":57,"type":"if","locations":[{"start":{"line":57,"column":13},"end":{"line":57,"column":13}},{"start":{"line":57,"column":13},"end":{"line":57,"column":13}}]},"10":{"line":59,"type":"if","locations":[{"start":{"line":59,"column":13},"end":{"line":59,"column":13}},{"start":{"line":59,"column":13},"end":{"line":59,"column":13}}]},"11":{"line":61,"type":"if","locations":[{"start":{"line":61,"column":13},"end":{"line":61,"column":13}},{"start":{"line":61,"column":13},"end":{"line":61,"column":13}}]},"12":{"line":63,"type":"if","locations":[{"start":{"line":63,"column":13},"end":{"line":63,"column":13}},{"start":{"line":63,"column":13},"end":{"line":63,"column":13}}]},"13":{"line":65,"type":"if","locations":[{"start":{"line":65,"column":13},"end":{"line":65,"column":13}},{"start":{"line":65,"column":13},"end":{"line":65,"column":13}}]},"14":{"line":71,"type":"if","locations":[{"start":{"line":71,"column":4},"end":{"line":71,"column":4}},{"start":{"line":71,"column":4},"end":{"line":71,"column":4}}]},"15":{"line":75,"type":"if","locations":[{"start":{"line":75,"column":4},"end":{"line":75,"column":4}},{"start":{"line":75,"column":4},"end":{"line":75,"column":4}}]},"16":{"line":79,"type":"if","locations":[{"start":{"line":79,"column":4},"end":{"line":79,"column":4}},{"start":{"line":79,"column":4},"end":{"line":79,"column":4}}]},"17":{"line":80,"type":"if","locations":[{"start":{"line":80,"column":6},"end":{"line":80,"column":6}},{"start":{"line":80,"column":6},"end":{"line":80,"column":6}}]}}}}