{"server.js":{"path":"server.js","s":{"1":1,"2":1,"3":1,"4":1,"5":1,"6":1,"7":1,"8":1,"9":1,"10":1,"11":1,"12":1,"13":1,"14":1,"15":1,"16":1,"17":1,"18":1,"19":0,"20":0,"21":1,"22":1,"23":1,"24":1,"25":1,"26":1,"27":1,"28":1,"29":1,"30":1,"31":0,"32":0,"33":0,"34":0,"35":1,"36":1,"37":1,"38":0,"39":0,"40":1,"41":0,"42":0,"43":0,"44":0,"45":1,"46":0,"47":0,"48":0,"49":0,"50":0,"51":0,"52":0,"53":0,"54":0,"55":0,"56":0,"57":1,"58":0,"59":0,"60":0,"61":0,"62":1,"63":0,"64":0,"65":0,"66":0,"67":1,"68":0,"69":0,"70":0,"71":0,"72":1,"73":0,"74":0,"75":0,"76":0,"77":1,"78":0,"79":0,"80":0,"81":0,"82":0,"83":0,"84":1,"85":0,"86":0,"87":0,"88":0,"89":1,"90":0,"91":0,"92":0,"93":0,"94":1,"95":0,"96":0,"97":0,"98":0,"99":0,"100":0,"101":1,"102":1,"103":1,"104":1},"b":{"1":[0,0],"2":[1,1]},"f":{"1":1,"2":0,"3":1,"4":0,"5":0,"6":0,"7":1,"8":1,"9":0,"10":0,"11":0,"12":0,"13":0,"14":0,"15":0,"16":0,"17":0,"18":0,"19":0,"20":0,"21":0,"22":0,"23":0,"24":0,"25":0,"26":0,"27":0,"28":0,"29":0,"30":0,"31":0,"32":0,"33":0,"34":0,"35":0,"36":0,"37":0,"38":0,"39":0,"40":0,"41":0,"42":0,"43":1},"fnMap":{"1":{"name":"(anonymous_1)","line":34,"loc":{"start":{"line":34,"column":8},"end":{"line":34,"column":33}}},"2":{"name":"(anonymous_2)","line":39,"loc":{"start":{"line":39,"column":8},"end":{"line":39,"column":38}}},"3":{"name":"(anonymous_3)","line":46,"loc":{"start":{"line":46,"column":23},"end":{"line":46,"column":48}}},"4":{"name":"(anonymous_4)","line":63,"loc":{"start":{"line":63,"column":19},"end":{"line":63,"column":38}}},"5":{"name":"(anonymous_5)","line":66,"loc":{"start":{"line":66,"column":7},"end":{"line":66,"column":23}}},"6":{"name":"(anonymous_6)","line":69,"loc":{"start":{"line":69,"column":12},"end":{"line":69,"column":27}}},"7":{"name":"(anonymous_7)","line":75,"loc":{"start":{"line":75,"column":18},"end":{"line":75,"column":37}}},"8":{"name":"(anonymous_8)","line":77,"loc":{"start":{"line":77,"column":10},"end":{"line":77,"column":27}}},"9":{"name":"(anonymous_9)","line":79,"loc":{"start":{"line":79,"column":13},"end":{"line":79,"column":30}}},"10":{"name":"(anonymous_10)","line":85,"loc":{"start":{"line":85,"column":26},"end":{"line":85,"column":45}}},"11":{"name":"(anonymous_11)","line":88,"loc":{"start":{"line":88,"column":10},"end":{"line":88,"column":26}}},"12":{"name":"(anonymous_12)","line":90,"loc":{"start":{"line":90,"column":13},"end":{"line":90,"column":30}}},"13":{"name":"(anonymous_13)","line":96,"loc":{"start":{"line":96,"column":20},"end":{"line":96,"column":39}}},"14":{"name":"(anonymous_14)","line":101,"loc":{"start":{"line":101,"column":79},"end":{"line":101,"column":102}}},"15":{"name":"(anonymous_15)","line":109,"loc":{"start":{"line":109,"column":10},"end":{"line":109,"column":27}}},"16":{"name":"(anonymous_16)","line":112,"loc":{"start":{"line":112,"column":12},"end":{"line":112,"column":27}}},"17":{"name":"(anonymous_17)","line":119,"loc":{"start":{"line":119,"column":19},"end":{"line":119,"column":38}}},"18":{"name":"(anonymous_18)","line":121,"loc":{"start":{"line":121,"column":10},"end":{"line":121,"column":28}}},"19":{"name":"(anonymous_19)","line":123,"loc":{"start":{"line":123,"column":13},"end":{"line":123,"column":30}}},"20":{"name":"(anonymous_20)","line":129,"loc":{"start":{"line":129,"column":23},"end":{"line":129,"column":42}}},"21":{"name":"(anonymous_21)","line":132,"loc":{"start":{"line":132,"column":10},"end":{"line":132,"column":27}}},"22":{"name":"(anonymous_22)","line":134,"loc":{"start":{"line":134,"column":13},"end":{"line":134,"column":30}}},"23":{"name":"(anonymous_23)","line":140,"loc":{"start":{"line":140,"column":22},"end":{"line":140,"column":41}}},"24":{"name":"(anonymous_24)","line":143,"loc":{"start":{"line":143,"column":7},"end":{"line":143,"column":26}}},"25":{"name":"(anonymous_25)","line":146,"loc":{"start":{"line":146,"column":12},"end":{"line":146,"column":27}}},"26":{"name":"(anonymous_26)","line":152,"loc":{"start":{"line":152,"column":21},"end":{"line":152,"column":40}}},"27":{"name":"(anonymous_27)","line":154,"loc":{"start":{"line":154,"column":10},"end":{"line":154,"column":30}}},"28":{"name":"(anonymous_28)","line":156,"loc":{"start":{"line":156,"column":13},"end":{"line":156,"column":30}}},"29":{"name":"(anonymous_29)","line":162,"loc":{"start":{"line":162,"column":30},"end":{"line":162,"column":49}}},"30":{"name":"(anonymous_30)","line":165,"loc":{"start":{"line":165,"column":11},"end":{"line":165,"column":24}}},"31":{"name":"(anonymous_31)","line":169,"loc":{"start":{"line":169,"column":10},"end":{"line":169,"column":30}}},"32":{"name":"(anonymous_32)","line":171,"loc":{"start":{"line":171,"column":14},"end":{"line":171,"column":31}}},"33":{"name":"(anonymous_33)","line":177,"loc":{"start":{"line":177,"column":18},"end":{"line":177,"column":36}}},"34":{"name":"(anonymous_34)","line":179,"loc":{"start":{"line":179,"column":10},"end":{"line":179,"column":27}}},"35":{"name":"(anonymous_35)","line":181,"loc":{"start":{"line":181,"column":13},"end":{"line":181,"column":30}}},"36":{"name":"(anonymous_36)","line":187,"loc":{"start":{"line":187,"column":26},"end":{"line":187,"column":45}}},"37":{"name":"(anonymous_37)","line":190,"loc":{"start":{"line":190,"column":10},"end":{"line":190,"column":26}}},"38":{"name":"(anonymous_38)","line":192,"loc":{"start":{"line":192,"column":13},"end":{"line":192,"column":30}}},"39":{"name":"(anonymous_39)","line":198,"loc":{"start":{"line":198,"column":27},"end":{"line":198,"column":46}}},"40":{"name":"(anonymous_40)","line":200,"loc":{"start":{"line":200,"column":11},"end":{"line":200,"column":24}}},"41":{"name":"(anonymous_41)","line":205,"loc":{"start":{"line":205,"column":10},"end":{"line":205,"column":27}}},"42":{"name":"(anonymous_42)","line":207,"loc":{"start":{"line":207,"column":14},"end":{"line":207,"column":31}}},"43":{"name":"(anonymous_43)","line":217,"loc":{"start":{"line":217,"column":11},"end":{"line":217,"column":22}}}},"statementMap":{"1":{"start":{"line":1,"column":0},"end":{"line":1,"column":23}},"2":{"start":{"line":2,"column":0},"end":{"line":2,"column":33}},"3":{"start":{"line":3,"column":0},"end":{"line":3,"column":27}},"4":{"start":{"line":4,"column":0},"end":{"line":4,"column":40}},"5":{"start":{"line":5,"column":0},"end":{"line":5,"column":48}},"6":{"start":{"line":6,"column":0},"end":{"line":6,"column":43}},"7":{"start":{"line":7,"column":0},"end":{"line":7,"column":40}},"8":{"start":{"line":8,"column":0},"end":{"line":8,"column":34}},"9":{"start":{"line":9,"column":0},"end":{"line":9,"column":51}},"10":{"start":{"line":10,"column":0},"end":{"line":10,"column":25}},"11":{"start":{"line":11,"column":0},"end":{"line":11,"column":35}},"12":{"start":{"line":14,"column":0},"end":{"line":14,"column":20}},"13":{"start":{"line":17,"column":0},"end":{"line":21,"column":2}},"14":{"start":{"line":23,"column":0},"end":{"line":31,"column":3}},"15":{"start":{"line":34,"column":0},"end":{"line":37,"column":3}},"16":{"start":{"line":35,"column":2},"end":{"line":35,"column":36}},"17":{"start":{"line":36,"column":2},"end":{"line":36,"column":9}},"18":{"start":{"line":39,"column":0},"end":{"line":42,"column":3}},"19":{"start":{"line":40,"column":2},"end":{"line":40,"column":26}},"20":{"start":{"line":41,"column":2},"end":{"line":41,"column":36}},"21":{"start":{"line":44,"column":0},"end":{"line":44,"column":32}},"22":{"start":{"line":46,"column":0},"end":{"line":49,"column":2}},"23":{"start":{"line":47,"column":2},"end":{"line":47,"column":49}},"24":{"start":{"line":48,"column":2},"end":{"line":48,"column":9}},"25":{"start":{"line":51,"column":0},"end":{"line":51,"column":26}},"26":{"start":{"line":53,"column":0},"end":{"line":53,"column":33}},"27":{"start":{"line":55,"column":0},"end":{"line":55,"column":27}},"28":{"start":{"line":57,"column":0},"end":{"line":57,"column":61}},"29":{"start":{"line":59,"column":0},"end":{"line":59,"column":37}},"30":{"start":{"line":63,"column":0},"end":{"line":73,"column":2}},"31":{"start":{"line":64,"column":1},"end":{"line":72,"column":4}},"32":{"start":{"line":67,"column":2},"end":{"line":67,"column":55}},"33":{"start":{"line":70,"column":4},"end":{"line":70,"column":22}},"34":{"start":{"line":71,"column":2},"end":{"line":71,"column":68}},"35":{"start":{"line":75,"column":0},"end":{"line":83,"column":2}},"36":{"start":{"line":76,"column":2},"end":{"line":82,"column":7}},"37":{"start":{"line":78,"column":6},"end":{"line":78,"column":31}},"38":{"start":{"line":80,"column":6},"end":{"line":80,"column":26}},"39":{"start":{"line":81,"column":6},"end":{"line":81,"column":35}},"40":{"start":{"line":85,"column":0},"end":{"line":94,"column":2}},"41":{"start":{"line":86,"column":2},"end":{"line":93,"column":7}},"42":{"start":{"line":89,"column":6},"end":{"line":89,"column":30}},"43":{"start":{"line":91,"column":6},"end":{"line":91,"column":26}},"44":{"start":{"line":92,"column":6},"end":{"line":92,"column":35}},"45":{"start":{"line":96,"column":0},"end":{"line":117,"column":2}},"46":{"start":{"line":97,"column":2},"end":{"line":97,"column":44}},"47":{"start":{"line":99,"column":2},"end":{"line":99,"column":40}},"48":{"start":{"line":101,"column":2},"end":{"line":116,"column":4}},"49":{"start":{"line":102,"column":4},"end":{"line":104,"column":5}},"50":{"start":{"line":103,"column":6},"end":{"line":103,"column":24}},"51":{"start":{"line":105,"column":4},"end":{"line":105,"column":64}},"52":{"start":{"line":106,"column":4},"end":{"line":106,"column":70}},"53":{"start":{"line":108,"column":4},"end":{"line":115,"column":4}},"54":{"start":{"line":110,"column":2},"end":{"line":110,"column":56}},"55":{"start":{"line":113,"column":2},"end":{"line":113,"column":20}},"56":{"start":{"line":114,"column":2},"end":{"line":114,"column":68}},"57":{"start":{"line":119,"column":0},"end":{"line":127,"column":2}},"58":{"start":{"line":120,"column":2},"end":{"line":126,"column":7}},"59":{"start":{"line":122,"column":6},"end":{"line":122,"column":32}},"60":{"start":{"line":124,"column":6},"end":{"line":124,"column":26}},"61":{"start":{"line":125,"column":6},"end":{"line":125,"column":35}},"62":{"start":{"line":129,"column":0},"end":{"line":138,"column":2}},"63":{"start":{"line":130,"column":2},"end":{"line":137,"column":7}},"64":{"start":{"line":133,"column":6},"end":{"line":133,"column":31}},"65":{"start":{"line":135,"column":6},"end":{"line":135,"column":26}},"66":{"start":{"line":136,"column":6},"end":{"line":136,"column":35}},"67":{"start":{"line":140,"column":0},"end":{"line":150,"column":2}},"68":{"start":{"line":141,"column":1},"end":{"line":149,"column":4}},"69":{"start":{"line":144,"column":2},"end":{"line":144,"column":58}},"70":{"start":{"line":147,"column":2},"end":{"line":147,"column":20}},"71":{"start":{"line":148,"column":2},"end":{"line":148,"column":68}},"72":{"start":{"line":152,"column":0},"end":{"line":160,"column":2}},"73":{"start":{"line":153,"column":2},"end":{"line":159,"column":7}},"74":{"start":{"line":155,"column":6},"end":{"line":155,"column":34}},"75":{"start":{"line":157,"column":6},"end":{"line":157,"column":26}},"76":{"start":{"line":158,"column":6},"end":{"line":158,"column":35}},"77":{"start":{"line":162,"column":0},"end":{"line":175,"column":2}},"78":{"start":{"line":163,"column":2},"end":{"line":163,"column":23}},"79":{"start":{"line":164,"column":2},"end":{"line":174,"column":7}},"80":{"start":{"line":166,"column":6},"end":{"line":166,"column":82}},"81":{"start":{"line":170,"column":6},"end":{"line":170,"column":34}},"82":{"start":{"line":172,"column":6},"end":{"line":172,"column":26}},"83":{"start":{"line":173,"column":6},"end":{"line":173,"column":35}},"84":{"start":{"line":177,"column":0},"end":{"line":185,"column":2}},"85":{"start":{"line":178,"column":2},"end":{"line":184,"column":7}},"86":{"start":{"line":180,"column":6},"end":{"line":180,"column":31}},"87":{"start":{"line":182,"column":6},"end":{"line":182,"column":26}},"88":{"start":{"line":183,"column":6},"end":{"line":183,"column":35}},"89":{"start":{"line":187,"column":0},"end":{"line":196,"column":2}},"90":{"start":{"line":188,"column":2},"end":{"line":195,"column":6}},"91":{"start":{"line":191,"column":6},"end":{"line":191,"column":30}},"92":{"start":{"line":193,"column":6},"end":{"line":193,"column":26}},"93":{"start":{"line":194,"column":6},"end":{"line":194,"column":35}},"94":{"start":{"line":198,"column":0},"end":{"line":211,"column":2}},"95":{"start":{"line":199,"column":2},"end":{"line":210,"column":7}},"96":{"start":{"line":201,"column":6},"end":{"line":201,"column":44}},"97":{"start":{"line":202,"column":6},"end":{"line":202,"column":36}},"98":{"start":{"line":206,"column":6},"end":{"line":206,"column":31}},"99":{"start":{"line":208,"column":6},"end":{"line":208,"column":26}},"100":{"start":{"line":209,"column":6},"end":{"line":209,"column":35}},"101":{"start":{"line":214,"column":0},"end":{"line":214,"column":44}},"102":{"start":{"line":215,"column":0},"end":{"line":215,"column":37}},"103":{"start":{"line":217,"column":0},"end":{"line":219,"column":3}},"104":{"start":{"line":218,"column":2},"end":{"line":218,"column":45}}},"branchMap":{"1":{"line":102,"type":"if","locations":[{"start":{"line":102,"column":4},"end":{"line":102,"column":4}},{"start":{"line":102,"column":4},"end":{"line":102,"column":4}}]},"2":{"line":215,"type":"binary-expr","locations":[{"start":{"line":215,"column":11},"end":{"line":215,"column":27}},{"start":{"line":215,"column":31},"end":{"line":215,"column":35}}]}}},"server/config.js":{"path":"server/config.js","s":{"1":1,"2":1,"3":1,"4":1,"5":1,"6":1,"7":1,"8":2,"9":2,"10":1,"11":0,"12":0,"13":1,"14":0,"15":1,"16":0},"b":{"1":[1,1],"2":[2,0],"3":[0,0]},"f":{"1":2,"2":0,"3":0,"4":0},"fnMap":{"1":{"name":"(anonymous_1)","line":35,"loc":{"start":{"line":35,"column":16},"end":{"line":35,"column":27}}},"2":{"name":"(anonymous_2)","line":41,"loc":{"start":{"line":41,"column":15},"end":{"line":41,"column":26}}},"3":{"name":"(anonymous_3)","line":47,"loc":{"start":{"line":47,"column":15},"end":{"line":47,"column":26}}},"4":{"name":"(anonymous_4)","line":51,"loc":{"start":{"line":51,"column":16},"end":{"line":51,"column":27}}}},"statementMap":{"1":{"start":{"line":1,"column":0},"end":{"line":1,"column":13}},"2":{"start":{"line":3,"column":0},"end":{"line":3,"column":25}},"3":{"start":{"line":4,"column":0},"end":{"line":4,"column":81}},"4":{"start":{"line":5,"column":0},"end":{"line":5,"column":22}},"5":{"start":{"line":6,"column":0},"end":{"line":6,"column":26}},"6":{"start":{"line":8,"column":0},"end":{"line":12,"column":2}},"7":{"start":{"line":35,"column":0},"end":{"line":39,"column":1}},"8":{"start":{"line":36,"column":2},"end":{"line":38,"column":3}},"9":{"start":{"line":37,"column":4},"end":{"line":37,"column":93}},"10":{"start":{"line":41,"column":0},"end":{"line":45,"column":1}},"11":{"start":{"line":42,"column":2},"end":{"line":44,"column":3}},"12":{"start":{"line":43,"column":4},"end":{"line":43,"column":92}},"13":{"start":{"line":47,"column":0},"end":{"line":49,"column":1}},"14":{"start":{"line":48,"column":2},"end":{"line":48,"column":90}},"15":{"start":{"line":51,"column":0},"end":{"line":53,"column":1}},"16":{"start":{"line":52,"column":2},"end":{"line":52,"column":91}}},"branchMap":{"1":{"line":4,"type":"binary-expr","locations":[{"start":{"line":4,"column":17},"end":{"line":4,"column":41}},{"start":{"line":4,"column":45},"end":{"line":4,"column":80}}]},"2":{"line":36,"type":"if","locations":[{"start":{"line":36,"column":2},"end":{"line":36,"column":2}},{"start":{"line":36,"column":2},"end":{"line":36,"column":2}}]},"3":{"line":42,"type":"if","locations":[{"start":{"line":42,"column":2},"end":{"line":42,"column":2}},{"start":{"line":42,"column":2},"end":{"line":42,"column":2}}]}}},"server/models.js":{"path":"server/models.js","s":{"1":1,"2":1,"3":1,"4":1,"5":1,"6":1,"7":1,"8":1,"9":1},"b":{},"f":{"1":1},"fnMap":{"1":{"name":"(anonymous_1)","line":1,"loc":{"start":{"line":1,"column":17},"end":{"line":1,"column":37}}}},"statementMap":{"1":{"start":{"line":1,"column":0},"end":{"line":125,"column":1}},"2":{"start":{"line":3,"column":2},"end":{"line":5,"column":5}},"3":{"start":{"line":7,"column":2},"end":{"line":9,"column":5}},"4":{"start":{"line":11,"column":2},"end":{"line":13,"column":5}},"5":{"start":{"line":15,"column":2},"end":{"line":17,"column":5}},"6":{"start":{"line":19,"column":2},"end":{"line":21,"column":5}},"7":{"start":{"line":23,"column":2},"end":{"line":25,"column":5}},"8":{"start":{"line":27,"column":2},"end":{"line":29,"column":5}},"9":{"start":{"line":31,"column":2},"end":{"line":40,"column":3}}},"branchMap":{}}}