TN:
SF:server.js
FN:34,(anonymous_1)
FN:39,(anonymous_2)
FN:46,(anonymous_3)
FN:63,(anonymous_4)
FN:66,(anonymous_5)
FN:69,(anonymous_6)
FN:75,(anonymous_7)
FN:77,(anonymous_8)
FN:79,(anonymous_9)
FN:85,(anonymous_10)
FN:88,(anonymous_11)
FN:90,(anonymous_12)
FN:96,(anonymous_13)
FN:101,(anonymous_14)
FN:109,(anonymous_15)
FN:112,(anonymous_16)
FN:119,(anonymous_17)
FN:121,(anonymous_18)
FN:123,(anonymous_19)
FN:129,(anonymous_20)
FN:132,(anonymous_21)
FN:134,(anonymous_22)
FN:140,(anonymous_23)
FN:143,(anonymous_24)
FN:146,(anonymous_25)
FN:152,(anonymous_26)
FN:154,(anonymous_27)
FN:156,(anonymous_28)
FN:162,(anonymous_29)
FN:165,(anonymous_30)
FN:169,(anonymous_31)
FN:171,(anonymous_32)
FN:177,(anonymous_33)
FN:179,(anonymous_34)
FN:181,(anonymous_35)
FN:187,(anonymous_36)
FN:190,(anonymous_37)
FN:192,(anonymous_38)
FN:198,(anonymous_39)
FN:200,(anonymous_40)
FN:205,(anonymous_41)
FN:207,(anonymous_42)
FN:217,(anonymous_43)
FNF:43
FNH:5
FNDA:1,(anonymous_1)
FNDA:0,(anonymous_2)
FNDA:1,(anonymous_3)
FNDA:0,(anonymous_4)
FNDA:0,(anonymous_5)
FNDA:0,(anonymous_6)
FNDA:1,(anonymous_7)
FNDA:1,(anonymous_8)
FNDA:0,(anonymous_9)
FNDA:0,(anonymous_10)
FNDA:0,(anonymous_11)
FNDA:0,(anonymous_12)
FNDA:0,(anonymous_13)
FNDA:0,(anonymous_14)
FNDA:0,(anonymous_15)
FNDA:0,(anonymous_16)
FNDA:0,(anonymous_17)
FNDA:0,(anonymous_18)
FNDA:0,(anonymous_19)
FNDA:0,(anonymous_20)
FNDA:0,(anonymous_21)
FNDA:0,(anonymous_22)
FNDA:0,(anonymous_23)
FNDA:0,(anonymous_24)
FNDA:0,(anonymous_25)
FNDA:0,(anonymous_26)
FNDA:0,(anonymous_27)
FNDA:0,(anonymous_28)
FNDA:0,(anonymous_29)
FNDA:0,(anonymous_30)
FNDA:0,(anonymous_31)
FNDA:0,(anonymous_32)
FNDA:0,(anonymous_33)
FNDA:0,(anonymous_34)
FNDA:0,(anonymous_35)
FNDA:0,(anonymous_36)
FNDA:0,(anonymous_37)
FNDA:0,(anonymous_38)
FNDA:0,(anonymous_39)
FNDA:0,(anonymous_40)
FNDA:0,(anonymous_41)
FNDA:0,(anonymous_42)
FNDA:1,(anonymous_43)
DA:1,1
DA:2,1
DA:3,1
DA:4,1
DA:5,1
DA:6,1
DA:7,1
DA:8,1
DA:9,1
DA:10,1
DA:11,1
DA:14,1
DA:17,1
DA:23,1
DA:34,1
DA:35,1
DA:36,1
DA:39,1
DA:40,0
DA:41,0
DA:44,1
DA:46,1
DA:47,1
DA:48,1
DA:51,1
DA:53,1
DA:55,1
DA:57,1
DA:59,1
DA:63,1
DA:64,0
DA:67,0
DA:70,0
DA:71,0
DA:75,1
DA:76,1
DA:78,1
DA:80,0
DA:81,0
DA:85,1
DA:86,0
DA:89,0
DA:91,0
DA:92,0
DA:96,1
DA:97,0
DA:99,0
DA:101,0
DA:102,0
DA:103,0
DA:105,0
DA:106,0
DA:108,0
DA:110,0
DA:113,0
DA:114,0
DA:119,1
DA:120,0
DA:122,0
DA:124,0
DA:125,0
DA:129,1
DA:130,0
DA:133,0
DA:135,0
DA:136,0
DA:140,1
DA:141,0
DA:144,0
DA:147,0
DA:148,0
DA:152,1
DA:153,0
DA:155,0
DA:157,0
DA:158,0
DA:162,1
DA:163,0
DA:164,0
DA:166,0
DA:170,0
DA:172,0
DA:173,0
DA:177,1
DA:178,0
DA:180,0
DA:182,0
DA:183,0
DA:187,1
DA:188,0
DA:191,0
DA:193,0
DA:194,0
DA:198,1
DA:199,0
DA:201,0
DA:202,0
DA:206,0
DA:208,0
DA:209,0
DA:214,1
DA:215,1
DA:217,1
DA:218,1
LF:104
LH:45
BRDA:102,1,0,0
BRDA:102,1,1,0
BRDA:215,2,0,1
BRDA:215,2,1,1
BRF:4
BRH:2
end_of_record
TN:
SF:server/config.js
FN:35,(anonymous_1)
FN:41,(anonymous_2)
FN:47,(anonymous_3)
FN:51,(anonymous_4)
FNF:4
FNH:1
FNDA:2,(anonymous_1)
FNDA:0,(anonymous_2)
FNDA:0,(anonymous_3)
FNDA:0,(anonymous_4)
DA:1,1
DA:3,1
DA:4,1
DA:5,1
DA:6,1
DA:8,1
DA:35,1
DA:36,2
DA:37,2
DA:41,1
DA:42,0
DA:43,0
DA:47,1
DA:48,0
DA:51,1
DA:52,0
LF:16
LH:12
BRDA:4,1,0,1
BRDA:4,1,1,1
BRDA:36,2,0,2
BRDA:36,2,1,0
BRDA:42,3,0,0
BRDA:42,3,1,0
BRF:6
BRH:3
end_of_record
TN:
SF:server/models.js
FN:1,(anonymous_1)
FNF:1
FNH:1
FNDA:1,(anonymous_1)
DA:1,1
DA:3,1
DA:7,1
DA:11,1
DA:15,1
DA:19,1
DA:23,1
DA:27,1
DA:31,1
LF:9
LH:9
BRF:0
BRH:0
end_of_record
