TN:
SF:server.js
FN:37,(anonymous_1)
FN:42,(anonymous_2)
FN:49,(anonymous_3)
FN:66,(anonymous_4)
FN:69,(anonymous_5)
FN:72,(anonymous_6)
FN:78,(anonymous_7)
FN:80,(anonymous_8)
FN:82,(anonymous_9)
FN:88,(anonymous_10)
FN:100,(anonymous_11)
FN:115,(anonymous_12)
FN:123,(anonymous_13)
FN:126,(anonymous_14)
FN:133,(anonymous_15)
FN:135,(anonymous_16)
FN:137,(anonymous_17)
FN:143,(anonymous_18)
FN:146,(anonymous_19)
FN:148,(anonymous_20)
FN:154,(anonymous_21)
FN:157,(anonymous_22)
FN:160,(anonymous_23)
FN:166,(anonymous_24)
FN:168,(anonymous_25)
FN:170,(anonymous_26)
FN:176,(anonymous_27)
FN:179,(anonymous_28)
FN:183,(anonymous_29)
FN:185,(anonymous_30)
FN:191,(anonymous_31)
FN:193,(anonymous_32)
FN:195,(anonymous_33)
FN:201,(anonymous_34)
FN:204,(anonymous_35)
FN:206,(anonymous_36)
FN:212,(anonymous_37)
FN:214,(anonymous_38)
FN:219,(anonymous_39)
FN:221,(anonymous_40)
FN:231,(anonymous_41)
FNF:41
FNH:28
FNDA:11,(anonymous_1)
FNDA:0,(anonymous_2)
FNDA:11,(anonymous_3)
FNDA:1,(anonymous_4)
FNDA:1,(anonymous_5)
FNDA:0,(anonymous_6)
FNDA:1,(anonymous_7)
FNDA:1,(anonymous_8)
FNDA:0,(anonymous_9)
FNDA:1,(anonymous_10)
FNDA:0,(anonymous_11)
FNDA:1,(anonymous_12)
FNDA:1,(anonymous_13)
FNDA:0,(anonymous_14)
FNDA:1,(anonymous_15)
FNDA:1,(anonymous_16)
FNDA:0,(anonymous_17)
FNDA:1,(anonymous_18)
FNDA:1,(anonymous_19)
FNDA:0,(anonymous_20)
FNDA:1,(anonymous_21)
FNDA:1,(anonymous_22)
FNDA:0,(anonymous_23)
FNDA:1,(anonymous_24)
FNDA:1,(anonymous_25)
FNDA:0,(anonymous_26)
FNDA:1,(anonymous_27)
FNDA:1,(anonymous_28)
FNDA:1,(anonymous_29)
FNDA:0,(anonymous_30)
FNDA:1,(anonymous_31)
FNDA:1,(anonymous_32)
FNDA:0,(anonymous_33)
FNDA:1,(anonymous_34)
FNDA:1,(anonymous_35)
FNDA:0,(anonymous_36)
FNDA:1,(anonymous_37)
FNDA:1,(anonymous_38)
FNDA:1,(anonymous_39)
FNDA:0,(anonymous_40)
FNDA:1,(anonymous_41)
DA:1,1
DA:2,1
DA:3,1
DA:4,1
DA:5,1
DA:6,1
DA:7,1
DA:8,1
DA:9,1
DA:10,1
DA:11,1
DA:12,1
DA:13,1
DA:14,1
DA:17,1
DA:20,1
DA:26,1
DA:37,1
DA:38,11
DA:39,11
DA:42,1
DA:43,0
DA:44,0
DA:47,1
DA:49,1
DA:50,11
DA:51,11
DA:54,1
DA:56,1
DA:58,1
DA:60,1
DA:62,1
DA:66,1
DA:67,1
DA:70,1
DA:73,0
DA:74,0
DA:78,1
DA:79,1
DA:81,1
DA:83,0
DA:84,0
DA:88,1
DA:89,1
DA:92,1
DA:93,1
DA:94,1
DA:100,1
DA:101,0
DA:102,0
DA:105,0
DA:110,1
DA:112,1
DA:113,1
DA:115,1
DA:116,1
DA:117,0
DA:119,1
DA:120,1
DA:122,1
DA:124,1
DA:127,0
DA:128,0
DA:133,1
DA:134,1
DA:136,1
DA:138,0
DA:139,0
DA:143,1
DA:144,1
DA:147,1
DA:149,0
DA:150,0
DA:154,1
DA:155,1
DA:158,1
DA:161,0
DA:162,0
DA:166,1
DA:167,1
DA:169,1
DA:171,0
DA:172,0
DA:176,1
DA:177,1
DA:178,1
DA:180,1
DA:184,1
DA:186,0
DA:187,0
DA:191,1
DA:192,1
DA:194,1
DA:196,0
DA:197,0
DA:201,1
DA:202,1
DA:205,1
DA:207,0
DA:208,0
DA:212,1
DA:213,1
DA:215,1
DA:216,1
DA:220,1
DA:222,0
DA:223,0
DA:228,1
DA:229,1
DA:231,1
DA:232,1
LF:111
LH:83
BRDA:92,1,0,1
BRDA:92,1,1,0
BRDA:101,2,0,0
BRDA:101,2,1,0
BRDA:116,3,0,0
BRDA:116,3,1,1
BRDA:229,4,0,1
BRDA:229,4,1,1
BRF:8
BRH:4
end_of_record
TN:
SF:server/config.js
FN:8,(anonymous_1)
FN:20,(anonymous_2)
FNF:2
FNH:1
FNDA:0,(anonymous_1)
FNDA:12,(anonymous_2)
DA:1,1
DA:3,1
DA:4,1
DA:5,1
DA:6,1
DA:8,1
DA:9,0
DA:10,0
DA:11,0
DA:14,1
DA:20,1
DA:21,12
DA:22,12
LF:13
LH:10
BRDA:4,1,0,1
BRDA:4,1,1,1
BRDA:21,2,0,12
BRDA:21,2,1,0
BRF:4
BRH:3
end_of_record
TN:
SF:server/models.js
FN:1,(anonymous_1)
FNF:1
FNH:1
FNDA:1,(anonymous_1)
DA:1,1
DA:3,1
DA:7,1
DA:11,1
DA:15,1
DA:19,1
DA:23,1
DA:27,1
DA:31,1
LF:9
LH:9
BRF:0
BRH:0
end_of_record
TN:
SF:server/categorising.js
FN:31,(anonymous_1)
FNF:1
FNH:1
FNDA:1,(anonymous_1)
DA:3,1
DA:5,1
DA:7,1
DA:9,1
DA:11,1
DA:13,1
DA:15,1
DA:17,1
DA:20,1
DA:24,1
DA:26,1
DA:28,1
DA:30,1
DA:32,1
DA:33,1
DA:34,1
DA:36,1
DA:37,0
DA:40,1
DA:41,1
DA:42,1
DA:43,2
DA:44,1
DA:45,1
DA:46,0
DA:47,1
DA:48,0
DA:49,1
DA:50,0
DA:51,1
DA:52,0
DA:53,1
DA:54,0
DA:55,1
DA:56,0
DA:57,1
DA:58,0
DA:59,1
DA:60,0
DA:61,1
DA:62,0
DA:63,1
DA:64,0
DA:65,1
DA:66,0
DA:68,2
DA:71,1
DA:72,0
DA:75,1
DA:76,1
DA:79,0
DA:80,0
DA:81,0
DA:83,0
LF:54
LH:37
BRDA:36,1,0,0
BRDA:36,1,1,1
BRDA:43,2,0,1
BRDA:43,2,1,1
BRDA:45,3,0,0
BRDA:45,3,1,1
BRDA:47,4,0,0
BRDA:47,4,1,1
BRDA:49,5,0,0
BRDA:49,5,1,1
BRDA:51,6,0,0
BRDA:51,6,1,1
BRDA:53,7,0,0
BRDA:53,7,1,1
BRDA:55,8,0,0
BRDA:55,8,1,1
BRDA:57,9,0,0
BRDA:57,9,1,1
BRDA:59,10,0,0
BRDA:59,10,1,1
BRDA:61,11,0,0
BRDA:61,11,1,1
BRDA:63,12,0,0
BRDA:63,12,1,1
BRDA:65,13,0,0
BRDA:65,13,1,1
BRDA:71,14,0,0
BRDA:71,14,1,1
BRDA:75,15,0,1
BRDA:75,15,1,0
BRDA:79,16,0,0
BRDA:79,16,1,0
BRDA:80,17,0,0
BRDA:80,17,1,0
BRF:34
BRH:16
end_of_record
